<?xml version="1.0" encoding="UTF-8"?>
<!-- Generated by org.testng.reporters.JUnitXMLReporter -->
<testsuite ignored="3" hostname="10503-L-79513" failures="0" tests="1" name="Login" time="0.038" errors="0" timestamp="2022-05-12T07:49:09 IST">
  <testcase classname="com.basics.TestClass" name="younger" time="0.007"/>
  <testcase classname="com.basics.TestClass" name="sister" time="0.0">
    <ignored/>
  </testcase> <!-- sister -->
  <testcase classname="com.basics.TestClass" name="method" time="0.0">
    <ignored/>
  </testcase> <!-- method -->
  <testcase classname="com.basics.TestClass" name="elder" time="0.0">
    <ignored/>
  </testcase> <!-- elder -->
</testsuite> <!-- Login -->
